<?xml version="1.0" encoding="UTF-8"?>
<testng-results skipped="0" failed="0" ignored="0" total="1" passed="1">
  <reporter-output>
  </reporter-output>
  <suite name="Default suite" duration-ms="54" started-at="2022-05-19T05:31:50Z" finished-at="2022-05-19T05:31:50Z">
    <groups>
    </groups>
    <test name="Default test" duration-ms="54" started-at="2022-05-19T05:31:50Z" finished-at="2022-05-19T05:31:50Z">
      <class name="com.mavenproject.First">
        <test-method status="PASS" signature="test1()[pri:0, instance:com.mavenproject.First@5a63f509]" name="test1" duration-ms="15" started-at="2022-05-19T05:31:50Z" finished-at="2022-05-19T05:31:50Z">
          <reporter-output>
          </reporter-output>
        </test-method> <!-- test1 -->
      </class> <!-- com.mavenproject.First -->
    </test> <!-- Default test -->
  </suite> <!-- Default suite -->
</testng-results>
